INFO:root:Indexing corpus ../min_corpus.jsonl of size 93584 to an indexer in ../output/ with 8 threads and 1024 MB of memory
INFO:root:Were divinding the corpus in  8 pieces
INFO:root:Time to split the corpus: 1.5750207901000977 seconds
INFO:root:Found 8 shards
INFO:root:Time to create index of shard t06: 37.234604835510254 seconds
INFO:root:Time to save index of shard t06: 1.467766523361206 seconds
INFO:root:Time to create index of shard t05: 39.52743172645569 seconds
INFO:root:Time to create index of shard t01: 39.91203212738037 seconds
INFO:root:Time to create index of shard t03: 40.051928997039795 seconds
INFO:root:Time to create index of shard t04: 40.36964726448059 seconds
INFO:root:Time to create index of shard t07: 40.37922024726868 seconds
INFO:root:Time to create index of shard t02: 40.81428384780884 seconds
INFO:root:Time to save index of shard t05: 1.7303357124328613 seconds
INFO:root:Time to create index of shard t00: 41.29282021522522 seconds
INFO:root:Time to save index of shard t01: 1.7451825141906738 seconds
INFO:root:Time to save index of shard t03: 1.708986520767212 seconds
INFO:root:Time to save index of shard t07: 1.7117202281951904 seconds
INFO:root:Time to save index of shard t04: 1.7369275093078613 seconds
INFO:root:Time to save index of shard t02: 1.8178741931915283 seconds
INFO:root:Time to save index of shard t00: 1.87351655960083 seconds
INFO:root:Time to index all shards: 43.44709610939026 seconds
INFO:root:Merging ../output/indexes/t00 and ../output/indexes/t01 into ../output/indexes/t00t01
INFO:root:Merging ../output/indexes/t02 and ../output/indexes/t03 into ../output/indexes/t02t03
INFO:root:Merging ../output/indexes/t04 and ../output/indexes/t05 into ../output/indexes/t04t05
INFO:root:Merging ../output/indexes/t06 and ../output/indexes/t07 into ../output/indexes/t06t07
INFO:root:Merging ../output/indexes/t00t01 and ../output/indexes/t02t03 into ../output/indexes/t00t01t02t03
INFO:root:Merging ../output/indexes/t04t05 and ../output/indexes/t06t07 into ../output/indexes/t04t05t06t07
INFO:root:Merging ../output/indexes/t00t01t02t03 and ../output/indexes/t04t05t06t07 into ../output/final_index
INFO:root:Time to merge all files: 46.74182438850403 seconds
INFO:root:Time to merge all indexes: 46.815199851989746 seconds
INFO:root:------------------------------------------------------------------------------------------------------------------------------------
