INFO:root:Indexing corpus ../min_corpus.jsonl to an indexer in ../output/ with 8 threads and 1024 MB of memory
INFO:root:Were divinding the corpus in  8 pieces
INFO:root:Time to get the number of divions:  0.010605573654174805 seconds
INFO:root:Time to split the corpus: 0.7573554515838623 seconds
INFO:root:Time to create index of shard t00: 184.71050262451172 seconds
INFO:root:Time to save index of shard t00: 15.205939531326294 seconds
INFO:root:Time to index all shards: 201.4885151386261 seconds
INFO:root:------------------------------------------------------------------------------------------------------------------------------------
INFO:root:Indexing corpus ../min_corpus.jsonl to an indexer in ../output/ with 8 threads and 1024 MB of memory
INFO:root:Were divinding the corpus in  1 pieces
INFO:root:Time to get the number of divions:  0.011026620864868164 seconds
INFO:root:Time to split the corpus: 0.7477035522460938 seconds
INFO:root:Time to create index of shard t00: 199.95746660232544 seconds
INFO:root:Time to save index of shard t00: 19.92302656173706 seconds
INFO:root:Time to index all shards: 221.48250126838684 seconds
INFO:root:------------------------------------------------------------------------------------------------------------------------------------
INFO:root:Indexing corpus ../min_corpus.jsonl to an indexer in ../output/ with 8 threads and 1024 MB of memory
INFO:root:Were divinding the corpus in  8 pieces
INFO:root:Time to get the number of divions:  0.009838342666625977 seconds
INFO:root:Time to split the corpus: 0.7156260013580322 seconds
INFO:root:Time to create index of shard t00: 178.75856590270996 seconds
INFO:root:Time to save index of shard t00: 19.759236097335815 seconds
INFO:root:Time to index all shards: 199.9963662624359 seconds
INFO:root:------------------------------------------------------------------------------------------------------------------------------------
INFO:root:Indexing corpus ../min_corpus.jsonl to an indexer in ../output/ with 8 threads and 1024 MB of memory
INFO:root:Were divinding the corpus in  8 pieces
INFO:root:Time to get the number of divions:  0.008790254592895508 seconds
INFO:root:Indexing corpus ../min_corpus.jsonl to an indexer in ../output/ with 8 threads and 1024 MB of memory
INFO:root:Were divinding the corpus in  8 pieces
INFO:root:Time to get the number of divions:  0.008149385452270508 seconds
INFO:root:Time to split the corpus: 2.0882863998413086 seconds
INFO:root:Time to create index of shard t06: 33.15630340576172 seconds
INFO:root:Time to create index of shard t07: 35.63635754585266 seconds
INFO:root:Time to create index of shard t05: 35.81259536743164 seconds
INFO:root:Time to create index of shard t01: 36.286911964416504 seconds
INFO:root:Time to create index of shard t03: 36.42801594734192 seconds
INFO:root:Time to create index of shard t04: 36.71565127372742 seconds
INFO:root:Time to save index of shard t06: 4.0892250537872314 seconds
INFO:root:Time to create index of shard t00: 37.64041447639465 seconds
INFO:root:Time to create index of shard t02: 37.76463770866394 seconds
INFO:root:Time to save index of shard t07: 5.459467887878418 seconds
INFO:root:Time to save index of shard t05: 7.220824241638184 seconds
INFO:root:Time to save index of shard t01: 7.238086700439453 seconds
INFO:root:Time to save index of shard t03: 7.338642835617065 seconds
INFO:root:Time to save index of shard t04: 7.27181339263916 seconds
INFO:root:Time to save index of shard t02: 6.44734001159668 seconds
INFO:root:Time to save index of shard t00: 6.751031875610352 seconds
INFO:root:Time to index all shards: 44.59728217124939 seconds
INFO:root:------------------------------------------------------------------------------------------------------------------------------------
INFO:root:Indexing corpus ../min_corpus.jsonl to an indexer in ../output/ with 8 threads and 1024 MB of memory
INFO:root:Time to create index of shard t06: 32.82549595832825 seconds
INFO:root:Time to save index of shard t06: 1.1276462078094482 seconds
INFO:root:Time to create index of shard t07: 34.03572988510132 seconds
INFO:root:Time to create index of shard t05: 34.189302921295166 seconds
INFO:root:Time to create index of shard t01: 35.158884048461914 seconds
INFO:root:Time to save index of shard t07: 1.1546499729156494 seconds
INFO:root:Time to create index of shard t04: 35.22278308868408 seconds
INFO:root:Time to save index of shard t05: 1.1824536323547363 seconds
INFO:root:Time to create index of shard t00: 35.70926117897034 seconds
INFO:root:Time to create index of shard t02: 35.88806128501892 seconds
INFO:root:Time to save index of shard t01: 1.0500268936157227 seconds
INFO:root:Time to save index of shard t04: 1.1448278427124023 seconds
INFO:root:Time to save index of shard t00: 1.1084206104278564 seconds
INFO:root:Time to create index of shard t03: 36.8343403339386 seconds
INFO:root:Time to save index of shard t02: 1.1116480827331543 seconds
INFO:root:Time to save index of shard t03: 1.0500545501708984 seconds
INFO:root:Time to index all shards: 38.086068868637085 seconds
INFO:root:------------------------------------------------------------------------------------------------------------------------------------
INFO:root:Indexing corpus ../min_corpus.jsonl to an indexer in ../output/ with 8 threads and 1024 MB of memory
INFO:root:Time to create index of shard t06: 35.08546280860901 seconds
INFO:root:Time to save index of shard t06: 0.2111501693725586 seconds
INFO:root:Time to create index of shard t01: 36.57951474189758 seconds
INFO:root:Time to create index of shard t07: 36.67267298698425 seconds
INFO:root:Time to save index of shard t01: 0.17563295364379883 seconds
INFO:root:Time to save index of shard t07: 0.19908595085144043 seconds
INFO:root:Time to create index of shard t05: 38.05065846443176 seconds
INFO:root:Time to create index of shard t03: 38.13580560684204 seconds
INFO:root:Time to save index of shard t05: 0.18369436264038086 seconds
INFO:root:Time to save index of shard t03: 0.17583727836608887 seconds
INFO:root:Time to create index of shard t04: 38.60873866081238 seconds
INFO:root:Time to save index of shard t04: 0.1705179214477539 seconds
INFO:root:Time to create index of shard t02: 39.28533720970154 seconds
INFO:root:Time to create index of shard t00: 39.32904386520386 seconds
INFO:root:Time to save index of shard t02: 0.18986725807189941 seconds
INFO:root:Time to save index of shard t00: 0.22744011878967285 seconds
INFO:root:Time to index all shards: 39.65073871612549 seconds
INFO:root:------------------------------------------------------------------------------------------------------------------------------------
INFO:root:Indexing corpus ../min_corpus.jsonl to an indexer in ../output/ with 8 threads and 1024 MB of memory
INFO:root:Time to create index of shard t06: 48.63635540008545 seconds
INFO:root:Time to save index of shard t06: 1.564161777496338 seconds
INFO:root:Time to create index of shard t03: 51.507516860961914 seconds
INFO:root:Time to create index of shard t07: 51.505505323410034 seconds
INFO:root:Time to create index of shard t01: 51.84041476249695 seconds
INFO:root:Time to create index of shard t04: 52.4875123500824 seconds
INFO:root:Time to create index of shard t05: 52.774643659591675 seconds
INFO:root:Time to save index of shard t03: 1.7841808795928955 seconds
INFO:root:Time to save index of shard t07: 1.8203980922698975 seconds
INFO:root:Time to save index of shard t01: 1.8923773765563965 seconds
INFO:root:Time to create index of shard t00: 53.93435740470886 seconds
INFO:root:Time to create index of shard t02: 54.22830295562744 seconds
INFO:root:Time to save index of shard t04: 1.942772388458252 seconds
INFO:root:Time to save index of shard t05: 1.9829201698303223 seconds
INFO:root:Time to save index of shard t00: 1.8658254146575928 seconds
INFO:root:Time to save index of shard t02: 1.9216058254241943 seconds
INFO:root:Time to index all shards: 56.49866604804993 seconds
INFO:root:------------------------------------------------------------------------------------------------------------------------------------
INFO:root:Indexing corpus ../min_corpus.jsonl to an indexer in ../output/ with 8 threads and 1024 MB of memory
INFO:root:Time to create index of shard t06: 31.895493745803833 seconds
INFO:root:Time to save index of shard t06: 0.9061143398284912 seconds
INFO:root:Time to create index of shard t03: 32.85746955871582 seconds
INFO:root:Time to create index of shard t01: 33.73900628089905 seconds
INFO:root:Time to save index of shard t03: 0.9847879409790039 seconds
INFO:root:Time to create index of shard t07: 34.02016091346741 seconds
INFO:root:Time to create index of shard t02: 34.1783766746521 seconds
INFO:root:Time to create index of shard t04: 34.321484088897705 seconds
INFO:root:Time to create index of shard t00: 34.56013607978821 seconds
INFO:root:Time to create index of shard t05: 34.70064163208008 seconds
INFO:root:Time to save index of shard t01: 1.0466697216033936 seconds
INFO:root:Time to save index of shard t07: 1.1276130676269531 seconds
INFO:root:Time to save index of shard t02: 1.1386094093322754 seconds
INFO:root:Time to save index of shard t04: 1.2263031005859375 seconds
INFO:root:Time to save index of shard t00: 1.1923813819885254 seconds
INFO:root:Time to save index of shard t05: 1.1550159454345703 seconds
INFO:root:Time to index all shards: 36.06278109550476 seconds
INFO:root:------------------------------------------------------------------------------------------------------------------------------------
INFO:root:Indexing corpus ../min_corpus.jsonl to an indexer in ../output/ with 8 threads and 1024 MB of memory
INFO:root:Time to create index of shard t06: 47.96202325820923 seconds
INFO:root:Time to save index of shard t06: 1.6509981155395508 seconds
INFO:root:Time to create index of shard t07: 50.93444871902466 seconds
INFO:root:Time to create index of shard t01: 51.22201371192932 seconds
INFO:root:Time to create index of shard t05: 51.48888087272644 seconds
INFO:root:Time to create index of shard t03: 52.29328417778015 seconds
INFO:root:Time to create index of shard t04: 52.58320212364197 seconds
INFO:root:Time to save index of shard t07: 1.774836778640747 seconds
INFO:root:Time to create index of shard t02: 52.79529786109924 seconds
INFO:root:Time to save index of shard t01: 1.7856733798980713 seconds
INFO:root:Time to create index of shard t00: 53.179291009902954 seconds
INFO:root:Time to save index of shard t05: 1.8537476062774658 seconds
INFO:root:Time to save index of shard t03: 2.078260660171509 seconds
INFO:root:Time to save index of shard t04: 2.250009775161743 seconds
INFO:root:Time to save index of shard t02: 2.17240047454834 seconds
INFO:root:Time to save index of shard t00: 2.0539357662200928 seconds
INFO:root:Time to index all shards: 55.4676148891449 seconds
INFO:root:------------------------------------------------------------------------------------------------------------------------------------
INFO:root:Indexing corpus ../min_corpus.jsonl to an indexer in ../output/ with 8 threads and 1024 MB of memory
INFO:root:Time to create index of shard t06: 50.99540829658508 seconds
INFO:root:Time to save index of shard t06: 1.6954293251037598 seconds
INFO:root:Time to create index of shard t07: 54.158527851104736 seconds
INFO:root:Time to create index of shard t05: 54.27278208732605 seconds
INFO:root:Time to create index of shard t01: 54.49777626991272 seconds
INFO:root:Time to create index of shard t03: 54.648765563964844 seconds
INFO:root:Time to create index of shard t00: 55.859915018081665 seconds
INFO:root:Time to create index of shard t04: 55.98975682258606 seconds
INFO:root:Time to save index of shard t07: 1.921203851699829 seconds
INFO:root:Time to save index of shard t05: 1.962827444076538 seconds
INFO:root:Time to create index of shard t02: 56.402504205703735 seconds
INFO:root:Time to save index of shard t01: 2.002178192138672 seconds
INFO:root:Time to save index of shard t03: 2.050530433654785 seconds
INFO:root:Time to save index of shard t00: 1.9023311138153076 seconds
INFO:root:Time to save index of shard t04: 1.9250881671905518 seconds
INFO:root:Time to save index of shard t02: 1.881493091583252 seconds
INFO:root:Time to index all shards: 58.67778468132019 seconds
INFO:root:------------------------------------------------------------------------------------------------------------------------------------
INFO:root:Indexing corpus ../min_corpus.jsonl to an indexer in ../output/ with 8 threads and 1024 MB of memory
INFO:root:Time to create index of shard t06: 32.554338455200195 seconds
INFO:root:Time to save index of shard t06: 1.1753296852111816 seconds
INFO:root:Time to create index of shard t01: 34.54523992538452 seconds
INFO:root:Time to create index of shard t03: 35.38911747932434 seconds
INFO:root:Time to create index of shard t04: 35.68175745010376 seconds
INFO:root:Time to save index of shard t01: 1.1698095798492432 seconds
INFO:root:Time to create index of shard t07: 35.959381103515625 seconds
INFO:root:Time to create index of shard t05: 36.52938532829285 seconds
INFO:root:Time to save index of shard t03: 1.2316513061523438 seconds
INFO:root:Time to create index of shard t02: 36.82959818840027 seconds
INFO:root:Time to save index of shard t04: 1.4299836158752441 seconds
INFO:root:Time to save index of shard t07: 1.4037864208221436 seconds
INFO:root:Time to create index of shard t00: 37.872318983078 seconds
INFO:root:Time to save index of shard t05: 1.6850900650024414 seconds
INFO:root:Time to save index of shard t02: 1.7511026859283447 seconds
INFO:root:Time to save index of shard t00: 2.051006555557251 seconds
INFO:root:Time to index all shards: 40.2249641418457 seconds
INFO:root:------------------------------------------------------------------------------------------------------------------------------------
INFO:root:Indexing corpus ../min_corpus.jsonl to an indexer in ../output/ with 8 threads and 1024 MB of memory
INFO:root:Time to create index of shard t06: 29.412196159362793 seconds
INFO:root:Time to save index of shard t06: 0.9800891876220703 seconds
INFO:root:Time to create index of shard t03: 31.789946794509888 seconds
INFO:root:Time to save index of shard t03: 1.0020780563354492 seconds
INFO:root:Time to create index of shard t02: 32.96617388725281 seconds
INFO:root:Time to create index of shard t07: 32.982057332992554 seconds
INFO:root:Time to create index of shard t04: 33.03649377822876 seconds
INFO:root:Time to create index of shard t05: 33.55772590637207 seconds
INFO:root:Time to save index of shard t02: 1.0355076789855957 seconds
INFO:root:Time to save index of shard t07: 1.023864507675171 seconds
INFO:root:Time to save index of shard t04: 1.0368382930755615 seconds
INFO:root:Time to save index of shard t05: 1.0335557460784912 seconds
INFO:root:Time to create index of shard t01: 34.59881114959717 seconds
INFO:root:Time to create index of shard t00: 34.654698848724365 seconds
INFO:root:Time to save index of shard t01: 1.1182689666748047 seconds
INFO:root:Time to save index of shard t00: 1.1574335098266602 seconds
INFO:root:Time to save term lexicon: 0.0062808990478515625 seconds
INFO:root:Time to index all shards: 36.044663429260254 seconds
INFO:root:------------------------------------------------------------------------------------------------------------------------------------
INFO:root:Indexing corpus ../min_corpus.jsonl to an indexer in ../output/ with 8 threads and 1024 MB of memory
INFO:root:Time to create index of shard t06: 44.94173884391785 seconds
INFO:root:Time to save index of shard t06: 1.5727612972259521 seconds
INFO:root:Time to create index of shard t07: 46.89642786979675 seconds
INFO:root:Time to create index of shard t03: 47.35256052017212 seconds
INFO:root:Time to create index of shard t05: 47.429473638534546 seconds
INFO:root:Time to create index of shard t01: 47.56152844429016 seconds
INFO:root:Time to save index of shard t07: 1.5119240283966064 seconds
INFO:root:Time to create index of shard t04: 48.80690670013428 seconds
INFO:root:Time to save index of shard t03: 1.5718722343444824 seconds
INFO:root:Time to save index of shard t05: 1.5680153369903564 seconds
INFO:root:Time to save index of shard t01: 1.624283790588379 seconds
INFO:root:Time to create index of shard t00: 49.378798961639404 seconds
INFO:root:Time to create index of shard t02: 49.4659788608551 seconds
INFO:root:Time to save index of shard t04: 1.6005017757415771 seconds
INFO:root:Time to save index of shard t00: 1.5914130210876465 seconds
INFO:root:Time to save index of shard t02: 1.594447374343872 seconds
INFO:root:Time to save term lexicon: 0.009476900100708008 seconds
INFO:root:Time to index all shards: 51.410133361816406 seconds
INFO:root:------------------------------------------------------------------------------------------------------------------------------------
INFO:root:Indexing corpus ../min_corpus.jsonl to an indexer in ../output/ with 8 threads and 1024 MB of memory
INFO:root:Time to create index of shard t06: 29.921356678009033 seconds
INFO:root:Time to create index of shard t03: 30.53806495666504 seconds
INFO:root:Time to save index of shard t06: 0.8868508338928223 seconds
INFO:root:Time to create index of shard t04: 31.39586567878723 seconds
INFO:root:Time to save index of shard t03: 0.9383265972137451 seconds
INFO:root:Time to create index of shard t02: 32.34394192695618 seconds
INFO:root:Time to save index of shard t04: 1.034536600112915 seconds
INFO:root:Time to create index of shard t07: 32.74900722503662 seconds
INFO:root:Time to create index of shard t05: 32.87758946418762 seconds
INFO:root:Time to create index of shard t01: 32.91441369056702 seconds
INFO:root:Time to save index of shard t02: 0.9943583011627197 seconds
INFO:root:Time to save index of shard t07: 1.0118200778961182 seconds
INFO:root:Time to save index of shard t05: 1.0243992805480957 seconds
INFO:root:Time to save index of shard t01: 1.0094366073608398 seconds
INFO:root:Time to create index of shard t00: 34.64698266983032 seconds
INFO:root:Time to save index of shard t00: 1.025181770324707 seconds
INFO:root:Time to save term lexicon: 0.008022546768188477 seconds
INFO:root:Time to index all shards: 35.88746404647827 seconds
INFO:root:------------------------------------------------------------------------------------------------------------------------------------
INFO:root:Indexing corpus ../min_corpus.jsonl to an indexer in ../output/ with 8 threads and 1024 MB of memory
INFO:root:Time to create lexicon: 152.75713086128235 seconds
INFO:root:------------------------------------------------------------------------------------------------------------------------------------
INFO:root:Indexing corpus ../min_corpus.jsonl to an indexer in ../output/ with 8 threads and 1024 MB of memory
INFO:root:Time to create lexicon: 165.65791845321655 seconds
INFO:root:Time to create index of shard t06: 29.73923945426941 seconds
INFO:root:Time to save index of shard t06: 1.0619745254516602 seconds
INFO:root:Time to create index of shard t01: 31.910584688186646 seconds
INFO:root:Time to create index of shard t03: 32.01017093658447 seconds
INFO:root:Time to create index of shard t07: 31.574951648712158 seconds
INFO:root:Time to create index of shard t05: 32.051053524017334 seconds
INFO:root:Time to create index of shard t04: 32.39855122566223 seconds
INFO:root:Time to create index of shard t02: 32.75111699104309 seconds
INFO:root:Time to save index of shard t01: 1.132577896118164 seconds
INFO:root:Time to save index of shard t03: 1.223639726638794 seconds
INFO:root:Time to save index of shard t07: 1.2663397789001465 seconds
INFO:root:Time to save index of shard t05: 1.2978675365447998 seconds
INFO:root:Time to save index of shard t04: 1.3345916271209717 seconds
INFO:root:Time to save index of shard t02: 1.3209481239318848 seconds
INFO:root:Time to create index of shard t00: 34.51820492744446 seconds
INFO:root:Time to save index of shard t00: 1.4223566055297852 seconds
INFO:root:Time to index all shards: 36.93161749839783 seconds
INFO:root:------------------------------------------------------------------------------------------------------------------------------------
INFO:root:Indexing corpus ../min_corpus.jsonl to an indexer in ../output/ with 8 threads and 1024 MB of memory
INFO:root:Time to create lexicon: 156.28789687156677 seconds
INFO:root:Time to create index of shard t06: 29.287111282348633 seconds
INFO:root:Time to create index of shard t03: 31.392924547195435 seconds
INFO:root:Time to create index of shard t07: 30.729037284851074 seconds
INFO:root:Time to create index of shard t05: 31.398115634918213 seconds
INFO:root:Time to create index of shard t00: 32.280643939971924 seconds
INFO:root:Time to create index of shard t01: 32.21450233459473 seconds
INFO:root:Time to create index of shard t02: 32.16212773323059 seconds
INFO:root:Time to create index of shard t04: 32.06302571296692 seconds
INFO:root:Indexing corpus ../min_corpus.jsonl to an indexer in ../output/ with 8 threads and 1024 MB of memory
INFO:root:Time to create lexicon: 161.85273218154907 seconds
INFO:root:Time to create index of shard t06: 27.384962797164917 seconds
INFO:root:Time to create index of shard t01: 29.780640125274658 seconds
INFO:root:Time to create index of shard t03: 29.41080069541931 seconds
INFO:root:Time to create index of shard t05: 29.3234806060791 seconds
INFO:root:Time to create index of shard t00: 30.406708002090454 seconds
INFO:root:Time to create index of shard t02: 30.129698038101196 seconds
INFO:root:Time to create index of shard t04: 29.876283168792725 seconds
INFO:root:Time to create index of shard t07: 29.838437795639038 seconds
INFO:root:Indexing corpus ../min_corpus.jsonl to an indexer in ../output/ with 8 threads and 1024 MB of memory
INFO:root:Time to create lexicon: 176.39039039611816 seconds
INFO:root:Time to create index of shard t06: 39.95011353492737 seconds
INFO:root:Time to save index of shard t06: 0.9106614589691162 seconds
INFO:root:Time to create index of shard t01: 42.81506586074829 seconds
INFO:root:Time to create index of shard t00: 43.463690757751465 seconds
INFO:root:Time to create index of shard t07: 41.19184589385986 seconds
INFO:root:Time to create index of shard t05: 41.91401028633118 seconds
INFO:root:Time to create index of shard t03: 42.85699272155762 seconds
INFO:root:Time to create index of shard t02: 43.37455224990845 seconds
INFO:root:Time to save index of shard t01: 0.9273803234100342 seconds
INFO:root:Time to create index of shard t04: 42.781673192977905 seconds
INFO:root:Time to save index of shard t00: 0.9978487491607666 seconds
INFO:root:Time to save index of shard t05: 1.0315072536468506 seconds
INFO:root:Time to save index of shard t07: 1.043870210647583 seconds
INFO:root:Time to save index of shard t03: 1.1774201393127441 seconds
INFO:root:Time to save index of shard t02: 1.0757052898406982 seconds
INFO:root:Time to save index of shard t04: 1.1226744651794434 seconds
INFO:root:Time to index all shards: 46.399489641189575 seconds
INFO:root:------------------------------------------------------------------------------------------------------------------------------------
